<?xml version="1.0" encoding="UTF-8"?>
<!-- Generated by org.testng.reporters.JUnitReportReporter -->
<testsuite hostname="BaBa-Rasheed" failures="0" tests="1" name="E2EDaraz.TestTSlinks" time="301.417" errors="0" timestamp="10 Jan 2022 17:06:27 GMT">
  <testcase classname="E2EDaraz.TestTSlinks" name="TTSlinks" time="301.417"/>
</testsuite> <!-- E2EDaraz.TestTSlinks -->
